make.exe all --print-data-base --no-builtin-variables --no-builtin-rules --question
# GNU Make 3.81
# Copyright (C) 2006  Free Software Foundation, Inc.
# This is free software; see the source for copying conditions.
# There is NO warranty; not even for MERCHANTABILITY or FITNESS FOR A
# PARTICULAR PURPOSE.

# This program built for i386-pc-mingw32
 

# Make data base, printed on Sat Apr 02 03:55:00 2022

# Variables

# automatic
<D = $(patsubst %/,%,$(dir $<))
# automatic
?F = $(notdir $?)
# makefile (from `makefile', line 12)
OBJ = $(SRCS:.cpp=.o) 	
# makefile
MAKEFLAGS = Rrqp
# environment
VSCODE_LOG_NATIVE = false
# automatic
?D = $(patsubst %/,%,$(dir $?))
# automatic
@D = $(patsubst %/,%,$(dir $@))
# environment
HOMEDRIVE = C:
# automatic
@F = $(notdir $@)
# automatic
^D = $(patsubst %/,%,$(dir $^))
# makefile
CURDIR := f:/no delete/OP_SYS (433)/a 
ssign3
# default
SHELL := sh.exe
# environment
WINDIR = C:\WINDOWS
# environment
VSCODE_NLS_CONFIG = {"locale":"en-us","availableLanguages":{},"_languagePackSupport":true}
# environment
VBOX_MSI_INSTALL_PATH = T:\VirtualBox\
# makefile (from `makefile', line 6)
CFLAGS = -g -Wall 		
# environment
ONEDRIVE = C:\Users\TakeA\OneDrive
# environment
PATHEXT = .COM;.EXE;.BAT;.CMD;.VBS;.VBE;.JS;.JSE;.WSF;.WSH;.MSC
# makefile (from `makefile', line 1)
MAKEFILE_LIST :=  makefile
# environment
FPS_BROWSER_USER_PROFILE_STRING = Default
# environment
TMP = C:\Users\TakeA\AppData\Local\Temp
# environment
VSCODE_VERBOSE_LOGGING = true
# environment
PROGRAMW6432 = C:\Program Files
# environment
PROGRAMDATA = C:\ProgramData
# environment
VSCODE_IPC_HOOK_EXTHOST = \\.\pipe\vscode-ipc-710dd0d6-d109-4ab7-96ce-bd3a81480a8c-sock
# environment
VSCODE_CWD = C:\Users\TakeA\AppData\Local\Programs\Microsoft VS Code\_
# environment
PATH = C:\Program Files\Common Files\Oracle\Java\javapath;C:\Program Files\Microsoft\jdk-11.0.12.7-hotspot\bin;C:\WINDOWS\system32;C:\WINDOWS;C:\WINDOWS\System32\Wbem;C:\WINDOWS\System32\WindowsPowerShell\v1.0\;C:\WINDOWS\System32\OpenSSH\;C:\Program Files\dotnet\;D:\Program Files\Git\cmd;D:\Coding\MinGW\mingw-w64\i686-8.1.0-posix-dwarf-rt_v6-rev0\mingw32\bin;C:\Program Files\PuTTY\;C:\WINDOWS\system32;C:\WINDOWS;C:\WINDOWS\System32\Wbem;C:\WINDOWS\System32\WindowsPowerShell\v1.0\;C:\WINDOWS\System32\OpenSSH\;C:\Program Files\NVIDIA Corporation\NVIDIA NvDLISR;C:\Program Files (x86)\NVIDIA Corporation\PhysX\Common;T:\Java\jdk;T:\Java\bin;C:\Users\TakeA\AppData\Local\Packages\PythonSoftwareFoundation.Python.3.10_qbz5n2kfra8p0\LocalCache\local-packages\Python310\Scripts;C:\Users\TakeA\AppData\Local\Packages\PythonSoftwareFoundation.Python.3.10_qbz5n2kfra8p0\LocalCache\local-packages\Python310\site-packages;C:\Program Files (x86)\GnuWin32;C:\Program Files (x86)\GnuWin32\bin;C:\Users\TakeA\AppData\Local\Microsoft\WindowsApps;C:\Users\TakeA\.dotnet\tools;C:\Users\TakeA\AppData\Local\Programs\Microsoft VS Code\bin;C:\Users\TakeA\AppData\Local\GitHubDesktop\bin;
# makefile (from `makefile', line 9)
PROG = sjf fcfs rr priority priority_rr		
# environment
COMMONPROGRAMW6432 = C:\Program Files\Common Files
# environment
PROCESSOR_ARCHITECTURE = x86
# environment
USERPROFILE = C:\Users\TakeA
# environment
ALLUSERSPROFILE = C:\ProgramData
# environment
VSCODE_LOG_STACK = false
# environment
NUMBER_OF_PROCESSORS = 16
# environment
ELECTRON_RUN_AS_NODE = 1
# makefile (from `makefile', line 8)
LDFLAGS = -L.			
# makefile (from `ma 
kefile', line 7)
LIB = -lm			
# default
.FEATURES := target-specific order-only second-expansion else-if archives
# automatic
%F = $(notdir $%)
# environment
CHROME_CRASHPAD_PIPE_NAME = \\.\pipe\crashpad_2208_LXTMIWWCLDHANMBC
# environment
VSCODE_PIPE_LOGGING = true
# environment
COMPUTERNAME = MJS-PC
# environment
PROGRAMFILES = C:\Program Files (x86)
# environment
DRIVERDATA = C:\Windows\System32\Drivers\DriverData
# environment
ORIGINAL_XDG_CURRENT_DESKTOP = undefined
# environment
USERNAME = Micah Johnson
# environment
PUBLIC = C:\Users\Public
# environment
VSCODE_AMD_ENTRYPOINT = vs/workbench/api/node/extensionHostProcess
# environment
VSCODE_CODE_CACHE_PATH = C:\Users\TakeA\AppData\Roaming\Code\CachedData\e18005f0f1b33c29e81d732535d8c0e47cafb0b5
# environment
APPLICATION_INSIGHTS_NO_DIAGNOSTIC_CHANNEL = true
# environment
COMMONPROGRAMFILES = C:\Program Files (x86)\Common Files
# environment
LOGONSERVER = \\MJS-PC
# environment
ONEDRIVECONSUMER = C:\Users\TakeA\OneDrive
# environment
VSCODE_HANDLES_UNCA 
UGHT_ERRORS = true
# environment
USERDOMAIN = MJS-PC
# default
MAKE = $(MAKE_COMMAND)
# default
MAKECMDGOALS := all
# makefile (from `makefile', line 10)
SRCS = driver.cpp schedule_fcfs.cpp schedule_rr.cpp schedule_sjf.cpp schedule_priority.cpp schedule_priority_rr.cpp list.cpp CPU.cpp 
# makefile (from `makefile', line 5)
CC = g++			
# default
MAKE_VERSION := 3.81
# makefile
.DEFAULT_GOAL := all
# environment
PROGRAMFILES(X86) = C:\Program Files (x86)
# automatic
%D = $(patsubst %/,%,$(dir $%))
# environment
LOCALAPPDATA = C:\Users\TakeA\AppData\Local
# environment
PSMODULEPATH = C:\Program Files\WindowsPowerShell\Modules;C:\WINDOWS\system32\WindowsPowerShell\v1.0\Modules
# default
MAKE_COMMAND := make.exe
# environment
PROCESSOR_ARCHITEW6432 = AMD64
# default
.VARIABLES := 
# automatic
*F = $(notdir $*)
# environment
PROCESSOR_IDENTIFIER = AMD64 Family 23 Model 113 Stepping 0, AuthenticAMD
# environment
OS = Windows_NT
# environment
VSCODE_IPC_HOOK = \\.\pipe\bcc074fa013f8595a1e17d0b9acd21e7-1.66.0-main-sock
# environment
HOMEPATH = \Users\TakeA
# environment
COMMONPROGRAMFILES(X86) = C:\Program Files (x86)\Common Files
# environment
PROMPT = $P$G
# environment
MFLAGS = -Rrqp
# automatic
*D = $(patsubst %/,%,$(dir $*))
# environment
SYSTEMROOT = C:\WINDOWS
# automatic
+D = $(patsubst %/,%,$(dir $+))
# automatic
+F = $(notdir $+)
# environment
APPDATA = C:\Users\TakeA\AppData\Roaming
# environment
TEMP = C:\Users\TakeA\AppData\Local\Temp
# environment
COMSPEC = C:\WINDOWS\system32\cmd.exe
# default
MAKEFILES : 
= 
# automatic
<F = $(notdir $<)
# environment
LC_ALL = C
# automatic
^F = $(notdir $^)
# default
SUFFIXES := 
# environment
SYSTEMDRIVE = C:
# environment
SESSIONNAME = Console
# environment
PROCESSOR_REVISION = 7100
# environment
MAKELEVEL := 0
# environment
LANG = C
# environment
PROCESSOR_LEVEL = 23
# environment
FPS_BROWSER_APP_PROFILE_STRING = Internet Explorer
# environment
VSCODE_PID = 2208
# environment
USERDOMAIN_ROAMINGPROFILE = MJS-PC
# variable set hash-table stats:
# Load=97/1024=9%, Rehash=0, 
 Collisions=10/124=8%

# Pattern-specific Variable Values

# No pattern-specific variable values.

# Directories

# C:\Program Files\Common Files\Oracle\Java\javapath (key C:/Program Files/Common Files/Oracle/Java/javapath, mtime 1647403751): 6 files, no impossibilities.
# T:\Java\jdk: could not be stat'd.
# C:\Program Files\Microsoft\jdk-11.0.12.7-hotspot\bin (key C:/Program Files/Microsoft/jdk-11.0.12.7-hotspot/bin, mtime 1639644035): 127 files, no impossibilities.
# C:\WINDOWS\System32\WindowsPowerShell\v1.0\ (key C:/WINDOWS/System32/WindowsPowerShell/v1.0/, mtime 1646686296): 32 files, no impossibilities.
# C:\WINDOWS\System32\Wbem (key C:/WINDOWS/System32/Wbem, mtime 1646687069): 182 files, no impossibilities.
# . (key f:/no delete/OP_SYS (433)/assign3, mtime 1648896706): 41 files, no impossibilities.
# C:\Users\TakeA\AppData\Local\Microsoft\WindowsApps (key C:/Users/TakeA/AppData/Local/Microsoft/WindowsApps, mtime 1648858707): 37 files, no impossibilities.
# C:\Program Files (x86)\NVIDIA Corporation\Phy 
sX\Common (key C:/Program Files (x86)/NVIDIA Corporation/PhysX/Common, mtime 1646694713): 10 files, no impossibilities.
# D:\Coding\MinGW\mingw-w64\i686-8.1.0-posix-dwarf-rt_v6-rev0\mingw32\bin (key D:/Coding/MinGW/mingw-w64/i686-8.1.0-posix-dwarf-rt_v6-rev0/mingw32/bin, mtime 1639564871): 58 files, no impossibilities.
# C:\Program Files\dotnet\ (key C:/Program Files/dotnet/, mtime 1639645653): 12 files, no impossibilities.
# C:\Users\TakeA\AppData\Local\GitHubDesktop\bin (key C:/Users/TakeA/AppData/Local/GitHubDesktop/bin, mtime 1640855898): 4 files, no impossibilities.
# C:\Program Files (x86)\GnuWin32 (key C:/Program Files (x86)/GnuWin32, mtime 1648766160): 10 files, no impossibilities.
# C:\Users\TakeA\AppData\Local\Packages\PythonSoftwareFoundation.Python.3.10_qbz5n2kfra8p0\LocalCache\local-packages\Python310\Scripts (key C:/Users/TakeA/AppData/Local/Packages/PythonSoftwareFoundation.Python.3.10_qbz5n2kfra8p0/LocalCache/local-packages/Python310/Scripts, mtime 1647570374): 9 files, no impossibilities.
# C 
:\WINDOWS\System32\OpenSSH\: could not be stat'd.
# C:\Program Files\PuTTY\ (key C:/Program Files/PuTTY/, mtime 1643320474): 12 files, no impossibilities.
# C:\WINDOWS (key C:/WINDOWS, mtime 1648508323): 118 files, no impossibilities.
# C:\Users\TakeA\AppData\Local\Packages\PythonSoftwareFoundation.Python.3.10_qbz5n2kfra8p0\LocalCache\local-packages\Python310\site-packages (key C:/Users/TakeA/AppData/Local/Packages/PythonSoftwareFoundation.Python.3.10_qbz5n2kfra8p0/LocalCache/local-packages/Python310/site-packages, mtime 1647570373): 15 files, no impossibilities.
# D:\Program Files\Git\cmd (key D:/Program Files/Git/cmd, mtime 1640157633): 8 files, no impossibilities.
# C:\WINDOWS\system32 (key C:/WINDOWS/system32, mtime 1648774182): 3078 files, no impossibilities.
# C:\Users\TakeA\AppData\Local\Programs\Microsoft VS Code\bin: could not be stat'd.
# T:\Java\bin (key T:/Java/bin, mtime 1647403704): 123 files, no impossibilities.
# C:\Users\TakeA\.dotnet\tools: could not be stat'd.
# C:\Program Files\NVIDIA Corp 
oration\NVIDIA NvDLISR (key C:/Program Files/NVIDIA Corporation/NVIDIA NvDLISR, mtime 1646694244): 5 files, no impossibilities.
# C:\Program Files (x86)\GnuWin32\bin (key C:/Program Files (x86)/GnuWin32/bin, mtime 1648766160): 5 files, no impossibilities.

# 3892 files, no impossibilities in 24 directories.

# Implicit Rules

# No implicit rules.

# Files

# Not a target:
schedule_sjf.cpp:
#  Implicit rule search has not been done.
#  Modification time never checked.
#  File has not been updated.

# Not a t 
arget:
schedule_priority_rr.cpp:
#  Implicit rule search has not been done.
#  Modification time never checked.
#  File has not been updated.

all: sjf fcfs rr priority priority_rr depend
#  Command-line target.
#  Implicit rule search has been done.
#  File does not exist.
#  File has been updated.
#  Needs to be updated (-q is set).
# variable set hash-table stats:
# Load=0/32=0%, Rehash=0, Collisions=0/5=0%

# Not a target:
driver.o:
#  Implicit rule search has been done.
#  Last modified 2022-04-01 21:27:58
#  File has been updated.
#  Successfully updated.
# variable set hash-table stats:
# Load=0/32=0%, Rehash=0, Collisions=0/0=0%

# Not a target:
.DEFAULT:
#  Implicit rule search has not been done.
#  Modification time never checked.
#  File has not been updated.

# Not a target:
schedule_priority.cpp:
#  Implicit rule search has not been done.
#  Modification time never checked.
#  File has not been updated.

.depend: driver.cpp schedule_fcfs.cpp schedule_rr.cpp schedule_sjf.cpp schedule_priority.cpp  
schedule_priority_rr.cpp list.cpp CPU.cpp
#  Implicit rule search has not been done.
#  Modification time never checked.
#  File has not been updated.
#  commands to execute (from `makefile', line 37):
	rm -f ./.depend
	$(CC) $(CFLAGS) -MM $^ > ./.depend;
	

# Not a target:
CPU.cpp:
#  Implicit rule search has not been done.
#  Modification time never checked.
#  File has not been updated.

# Not a target:
list.cpp:
#  Implicit rule search has not been done.
#  Modification time never checked.
#  File has n 
ot been updated.

# Not a target:
makefile:
#  Implicit rule search has been done.
#  Last modified 2022-04-01 22:37:31
#  File has been updated.
#  Successfully updated.
# variable set hash-table stats:
# Load=0/32=0%, Rehash=0, Collisions=0/0=0%

# Not a target:
schedule_fcfs.cpp:
#  Implicit rule search has not been done.
#  Modification time never checked.
#  File has not been updated.

priority_rr: driver.o schedule_priority_rr.o list.o CPU.o
#  Implicit rule search has not been done.
#  Modification time never checked.
#  File has not been updated.
#  commands to execute (from `makefile', line 29):
	$(CC) -o priority_rr driver.o schedule_priority_rr.o list.o CPU.o $(LDFLAGS) $(LIB)
	

# Not a target:
schedule_sjf.o:
#  Implicit rule search has been done.
#  Last modified 2022-04-01 21:28:02
#  File has been updated.
#  Successfully updated.
# variable set hash-table stats:
# Load=0/32=0%, Rehash=0, Collisions=0/0=0%

# Not a target:
schedule_rr.cpp:
#  Implicit rule search has not been done.
#  Modifica 
tion time never checked.
#  File has not been updated.

# Not a target:
schedule_priority_rr.o:
#  Implicit rule search has not been done.
#  Modification time never checked.
#  File has not been updated.

depend: .depend
#  Implicit rule search has not been done.
#  Modification time never checked.
#  File has not been updated.

# Not a target:
.SUFFIXES:
#  Implicit rule search has not been done.
#  Modification time never checked.
#  File has not been updated.

rr: driver.o schedule_rr.o list.o CPU.o
#  Implicit rule search has not been done.
#  Modification time never checked.
#  File has not been updated.
#  commands to execute (from `makefile', line 20):
	$(CC) -o rr driver.o schedule_rr.o list.o CPU.o $(LDFLAGS) $(LIB)
	

priority: driver.o schedule_priority.o list.o CPU.o
#  Implicit rule search has not been done.
#  Modification time never checked.
#  File has not been updated.
#  commands to execute (from `makefile', line 26):
	$(CC) -o priority driver.o schedule_priority.o list.o CPU.o $(LDFLAGS) $(LIB)
	

.cpp.o:
#  Implicit rule search has not been done.
#  Modification time never checked.
#  File has not been updated.
#  commands to execute (from `makefile', line 32):
	$(CC) -c $(CFLAGS) $< -o $@
	

clean:
#  Implicit rule search has not been done.
#  Modification time never checked.
#  File has not been updated.
#  commands to execute (from `makefile', line 44):
	/bin/rm -f *.o $(PROG) .depend
	

# Not a target:
schedule_priority.o:
#  Implicit rule search has not been done.
#  Modification time  
never checked.
#  File has not been updated.

# Not a target:
CPU.o:
#  Implicit rule search has been done.
#  Last modified 2022-03-31 17:48:54
#  File has been updated.
#  Successfully updated.
# variable set hash-table stats:
# Load=0/32=0%, Rehash=0, Collisions=0/0=0%

# Not a target:
driver.cpp:
#  Implicit rule search has not been done.
#  Modification time never checked.
#  File has not been updated.

sjf: driver.o schedule_sjf.o list.o CPU.o
#  Implicit rule search has not been done.
#  Implicit/sta 
tic pattern stem: `'
#  File does not exist.
#  File has been updated.
#  Needs to be updated (-q is set).
# automatic
# @ := sjf
# automatic
# % := 
# automatic
# * := 
# automatic
# + := driver.o schedule_sjf.o list.o CPU.o
# automatic
# | := 
# automatic
# < := driver.o
# automatic
# ^ := driver.o schedule_sjf.o list.o CPU.o
# automatic
# ? := driver.o schedule_sjf.o list.o CPU.o
# variable set hash-table stats:
# Load=8/32=25%, Rehash=0, Collisions=1/13=8%
#  commands to execute (from `makefile', line 2 
3):
	$(CC) -o sjf driver.o schedule_sjf.o list.o CPU.o $(LDFLAGS) $(LIB)
	

# Not a target:
list.o:
#  Implicit rule search has been done.
#  Last modified 2022-04-02 03:33:22
#  File has been updated.
#  Successfully updated.
# variable set hash-table stats:
# Load=0/32=0%, Rehash=0, Collisions=0/0=0%

# Not a target:
schedule_fcfs.o:
#  Implicit rule search has not been done.
#  Modification time never checked.
#  File has not been updated.

fcfs: driver.o schedule_fcfs.o list.o CPU.o
#  Implicit rule search has not been done.
#  Modification time never checked.
#  File has not been updated.
#  commands to execute (from `makefile', line 17):
	$(CC) -o fcfs driver.o schedule_fcfs.o list.o CPU.o $(LDFLAGS) $(LIB)
	

# Not a target:
schedule_rr.o:
#  Implicit rule search has not been done.
#  Modification time never checked.
#  File has not been updated.

# files hash-table stats:
# Load=29/1024=3%, Rehash=0, Collisions=0/77=0%
# VPATH Search Paths

# No `vpath' search paths.

# No general (`VPATH' variable) s 
earch path.

# # of strings in strcache: 1
# # of strcache buffers: 1
# strcache size: total = 4096 / max = 4096 / min = 4096 / avg = 4096
# strcache free: total = 4087 / max = 4087 / min = 4087 / avg = 4087

# Finished Make data base on Sat Apr 02 03:55:00 2022

 
